This is pdfTeX, Version 3.141592653-2.6-1.40.25 (TeX Live 2023) (preloaded format=pdflatex 2024.1.11)  8 JUL 2024 14:50
entering extended mode
 restricted \write18 enabled.
 %&-line parsing enabled.
**workflow_expressions.tex
(./workflow_expressions.tex
LaTeX2e <2023-11-01>
L3 programming layer <2024-01-04>
(/Users/lisa/Library/TinyTeX/texmf-dist/tex/latex/extsizes/extarticle.cls
Document Class: extarticle 1996/10/08 v1.0 Non Standard LaTeX document class
(/Users/lisa/Library/TinyTeX/texmf-dist/tex/latex/extsizes/size9.clo
File: size9.clo 1999/11/11 v1.4a NON-Standard LaTeX file (size option)
) (/Users/lisa/Library/TinyTeX/texmf-dist/tex/latex/base/exscale.sty
Package: exscale 2018/09/24 v2.1i Standard LaTeX package exscale
LaTeX Font Info:    Redeclaring symbol font `largesymbols' on input line 57.
LaTeX Font Info:    Overwriting symbol font `largesymbols' in version `normal'
(Font)                  OMX/cmex/m/n --> OMX/cmex/m/n on input line 57.
LaTeX Font Info:    Overwriting symbol font `largesymbols' in version `bold'
(Font)                  OMX/cmex/m/n --> OMX/cmex/m/n on input line 57.
\big@size=\dimen140
)
\c@part=\count187
\c@section=\count188
\c@subsection=\count189
\c@subsubsection=\count190
\c@paragraph=\count191
\c@subparagraph=\count192
\c@figure=\count193
\c@table=\count194
\abovecaptionskip=\skip48
\belowcaptionskip=\skip49
\bibindent=\dimen141
) (./f1000_styles.sty
Package: f1000_styles 
(/Users/lisa/Library/TinyTeX/texmf-dist/tex/latex/preprint/authblk.sty
Package: authblk 2001/02/27 1.3 (PWD)
\affilsep=\skip50
\@affilsep=\skip51
\c@Maxaffil=\count195
\c@authors=\count196
\c@affil=\count197
) (/Users/lisa/Library/TinyTeX/texmf-dist/tex/generic/babel/babel.sty
Package: babel 2024/01/07 v24.1 The Babel package
\babel@savecnt=\count198
\U@D=\dimen142
\l@unhyphenated=\language3
(/Users/lisa/Library/TinyTeX/texmf-dist/tex/generic/babel/txtbabel.def)
\bbl@readstream=\read2
\bbl@dirlevel=\count199
(/Users/lisa/Library/TinyTeX/texmf-dist/tex/generic/babel-english/english.ldf
Language: english 2017/06/06 v3.3r English support from the babel system
Package babel Info: Hyphen rules for 'british' set to \l@english
(babel)             (\language0). Reported on input line 82.
Package babel Info: Hyphen rules for 'UKenglish' set to \l@english
(babel)             (\language0). Reported on input line 83.
Package babel Info: Hyphen rules for 'canadian' set to \l@english
(babel)             (\language0). Reported on input line 102.
Package babel Info: Hyphen rules for 'australian' set to \l@english
(babel)             (\language0). Reported on input line 105.
Package babel Info: Hyphen rules for 'newzealand' set to \l@english
(babel)             (\language0). Reported on input line 108.
)) (/Users/lisa/Library/TinyTeX/texmf-dist/tex/generic/babel/locale/en/babel-english.tex
Package babel Info: Importing font and identification data for english
(babel)             from babel-en.ini. Reported on input line 11.
) (/Users/lisa/Library/TinyTeX/texmf-dist/tex/latex/base/inputenc.sty
Package: inputenc 2021/02/14 v1.3d Input encoding file
\inpenc@prehook=\toks17
\inpenc@posthook=\toks18
) (/Users/lisa/Library/TinyTeX/texmf-dist/tex/latex/base/fontenc.sty
Package: fontenc 2021/04/29 v2.0v Standard LaTeX package
) (/Users/lisa/Library/TinyTeX/texmf-dist/tex/latex/mathdesign/mathdesign.sty
Package: mathdesign 2013/08/29 v2.31 Math Design Project
(/Users/lisa/Library/TinyTeX/texmf-dist/tex/latex/graphics/keyval.sty
Package: keyval 2022/05/29 v1.15 key=value parser (DPC)
\KV@toks@=\toks19
) (/Users/lisa/Library/TinyTeX/texmf-dist/tex/latex/base/ifthen.sty
Package: ifthen 2022/04/13 v1.1d Standard LaTeX ifthen package (DPC)
) (/Users/lisa/Library/TinyTeX/texmf-dist/tex/latex/mathdesign/mdbch/mdbch.cfg) (/Users/lisa/Library/TinyTeX/texmf-dist/tex/latex/mathdesign/mdbch/mdbch.sty
Package: mdbch 2013/08/29 v2.31 bitstream bitstream charter + mdbch (Math Design Project)
(/Users/lisa/Library/TinyTeX/texmf-dist/tex/latex/mathdesign/mdfont.def
File: mdfont.def 2013/08/29 v2.31 (Math Design Project)
) (/Users/lisa/Library/TinyTeX/texmf-dist/tex/latex/mathdesign/mdsffont.def
File: mdsffont.def 2013/08/29 v2.31 (Math Design Project)

LaTeX Info: Font shape OT1/phv/mc/n has incorrect series value `mc'.
            It should not contain an `m'! Please correct it.
            Found on input line 53.


LaTeX Info: Font shape OT1/phv/mc/sc has incorrect series value `mc'.
            It should not contain an `m'! Please correct it.
            Found on input line 56.


LaTeX Info: Font shape OT1/phv/mc/sl has incorrect series value `mc'.
            It should not contain an `m'! Please correct it.
            Found on input line 59.


LaTeX Info: Font shape OT1/phv/mc/it has incorrect series value `mc'.
            It should not contain an `m'! Please correct it.
            Found on input line 79.


LaTeX Info: Font shape T1/phv/mc/n has incorrect series value `mc'.
            It should not contain an `m'! Please correct it.
            Found on input line 102.


LaTeX Info: Font shape T1/phv/mc/sc has incorrect series value `mc'.
            It should not contain an `m'! Please correct it.
            Found on input line 105.


LaTeX Info: Font shape T1/phv/mc/sl has incorrect series value `mc'.
            It should not contain an `m'! Please correct it.
            Found on input line 108.


LaTeX Info: Font shape T1/phv/mc/it has incorrect series value `mc'.
            It should not contain an `m'! Please correct it.
            Found on input line 128.


LaTeX Info: Font shape OT1/uhv/mc/n has incorrect series value `mc'.
            It should not contain an `m'! Please correct it.
            Found on input line 259.


LaTeX Info: Font shape OT1/uhv/mc/sc has incorrect series value `mc'.
            It should not contain an `m'! Please correct it.
            Found on input line 262.


LaTeX Info: Font shape OT1/uhv/mc/sl has incorrect series value `mc'.
            It should not contain an `m'! Please correct it.
            Found on input line 265.


LaTeX Info: Font shape OT1/uhv/mc/it has incorrect series value `mc'.
            It should not contain an `m'! Please correct it.
            Found on input line 268.


LaTeX Info: Font shape T1/uhv/mc/n has incorrect series value `mc'.
            It should not contain an `m'! Please correct it.
            Found on input line 313.


LaTeX Info: Font shape T1/uhv/mc/sc has incorrect series value `mc'.
            It should not contain an `m'! Please correct it.
            Found on input line 316.


LaTeX Info: Font shape T1/uhv/mc/sl has incorrect series value `mc'.
            It should not contain an `m'! Please correct it.
            Found on input line 319.


LaTeX Info: Font shape T1/uhv/mc/it has incorrect series value `mc'.
            It should not contain an `m'! Please correct it.
            Found on input line 322.

) (/Users/lisa/Library/TinyTeX/texmf-dist/tex/latex/mathdesign/mdttfont.def
File: mdttfont.def 2013/08/29 v2.31 (Math Design Project)
)
\symmdcal=\mathgroup4
LaTeX Font Info:    Overwriting symbol font `mdcal' in version `bold'
(Font)                  OMS/mdbch/m/n --> OMS/mdbch/b/n on input line 97.
\symmdscr=\mathgroup5
LaTeX Font Info:    Overwriting symbol font `mdscr' in version `bold'
(Font)                  OMS/mdbch/m/n --> OMS/mdbch/b/n on input line 103.
LaTeX Font Info:    Overwriting math alphabet `\mathfrak' in version `bold'
(Font)                  U/xmdeuf/m/n --> U/xmdeuf/b/n on input line 110.
LaTeX Font Info:    Overwriting symbol font `operators' in version `normal'
(Font)                  OT1/cmr/m/n --> OT1/mdbch/m/n on input line 121.
LaTeX Font Info:    Overwriting symbol font `letters' in version `normal'
(Font)                  OML/cmm/m/it --> OML/mdbch/m/it on input line 122.
LaTeX Font Info:    Overwriting symbol font `symbols' in version `normal'
(Font)                  OMS/cmsy/m/n --> OMS/mdbch/m/n on input line 123.
LaTeX Font Info:    Overwriting symbol font `largesymbols' in version `normal'
(Font)                  OMX/cmex/m/n --> OMX/mdbch/m/n on input line 124.
LaTeX Font Info:    Overwriting symbol font `operators' in version `bold'
(Font)                  OT1/cmr/bx/n --> OT1/mdbch/b/n on input line 126.
LaTeX Font Info:    Overwriting symbol font `letters' in version `bold'
(Font)                  OML/cmm/b/it --> OML/mdbch/b/it on input line 127.
LaTeX Font Info:    Overwriting symbol font `symbols' in version `bold'
(Font)                  OMS/cmsy/b/n --> OMS/mdbch/b/n on input line 128.
LaTeX Font Info:    Overwriting symbol font `largesymbols' in version `bold'
(Font)                  OMX/cmex/m/n --> OMX/mdbch/b/n on input line 129.
LaTeX Font Info:    Overwriting math alphabet `\mathrm' in version `normal'
(Font)                  OT1/mdbch/m/n --> T1/mdbch/m/n on input line 131.
LaTeX Font Info:    Overwriting math alphabet `\mathbf' in version `normal'
(Font)                  OT1/cmr/bx/n --> T1/mdbch/b/n on input line 132.
LaTeX Font Info:    Overwriting math alphabet `\mathit' in version `normal'
(Font)                  OT1/cmr/m/it --> T1/mdbch/m/it on input line 133.
LaTeX Font Info:    Overwriting math alphabet `\mathsf' in version `normal'
(Font)                  OT1/cmss/m/n --> T1/cmss/m/n on input line 134.
LaTeX Font Info:    Overwriting math alphabet `\mathtt' in version `normal'
(Font)                  OT1/cmtt/m/n --> T1/cmtt/m/n on input line 135.
LaTeX Font Info:    Overwriting math alphabet `\mathrm' in version `bold'
(Font)                  OT1/mdbch/b/n --> T1/mdbch/b/n on input line 137.
LaTeX Font Info:    Overwriting math alphabet `\mathbf' in version `bold'
(Font)                  OT1/cmr/bx/n --> T1/mdbch/b/n on input line 138.
LaTeX Font Info:    Overwriting math alphabet `\mathit' in version `bold'
(Font)                  OT1/cmr/bx/it --> T1/mdbch/b/it on input line 139.
LaTeX Font Info:    Overwriting math alphabet `\mathsf' in version `bold'
(Font)                  OT1/cmss/bx/n --> T1/cmss/b/n on input line 140.
LaTeX Font Info:    Overwriting math alphabet `\mathtt' in version `bold'
(Font)                  OT1/cmtt/m/n --> T1/cmtt/b/n on input line 141.
\symlettersupright=\mathgroup6
LaTeX Font Info:    Overwriting symbol font `lettersupright' in version `bold'
(Font)                  OML/mdbch/m/n --> OML/mdbch/b/n on input line 144.
LaTeX Font Info:    Redeclaring math alphabet \mathrm on input line 145.
LaTeX Font Info:    Overwriting math alphabet `\mathcal' in version `normal'
(Font)                  OMS/mdbch/m/n --> OMS/mdbch/m/n on input line 167.
(/Users/lisa/Library/TinyTeX/texmf-dist/tex/latex/xkeyval/xkeyval.sty
Package: xkeyval 2022/06/16 v2.9 package option processing (HA)
(/Users/lisa/Library/TinyTeX/texmf-dist/tex/generic/xkeyval/xkeyval.tex (/Users/lisa/Library/TinyTeX/texmf-dist/tex/generic/xkeyval/xkvutils.tex
\XKV@toks=\toks20
\XKV@tempa@toks=\toks21
)
\XKV@depth=\count266
File: xkeyval.tex 2014/12/03 v2.7a key=value parser (HA)
))
LaTeX Font Info:    Trying to load font information for T1+mdbch on input line 186.
(/Users/lisa/Library/TinyTeX/texmf-dist/tex/latex/mathdesign/mdbch/t1mdbch.fd
File: t1mdbch.fd 2013/08/29 Fontinst v1.933 font definitions for T1/mdbch.
)
LaTeX Font Info:    Font shape `T1/mdbch/m/n' will be
(Font)              scaled to size 8.64006pt on input line 186.
LaTeX Font Info:    Redeclaring math accent \widetilde on input line 449.
LaTeX Font Info:    Redeclaring math accent \widehat on input line 450.
Now handling font encoding MDA ...
... no UTF-8 mapping file for font encoding MDA
\symmathdesignA=\mathgroup7
LaTeX Font Info:    Overwriting symbol font `mathdesignA' in version `bold'
(Font)                  MDA/mdbch/m/n --> MDA/mdbch/b/n on input line 491.
Now handling font encoding MDB ...
... no UTF-8 mapping file for font encoding MDB
\symmathdesignB=\mathgroup8
LaTeX Font Info:    Overwriting symbol font `mathdesignB' in version `bold'
(Font)                  MDB/mdbch/m/n --> MDB/mdbch/b/n on input line 498.
\@emptytoks=\toks22
LaTeX Font Info:    Redeclaring math accent \widetilde on input line 532.
LaTeX Font Info:    Redeclaring math accent \widehat on input line 533.
\rulethickness=\skip52
) (/Users/lisa/Library/TinyTeX/texmf-dist/tex/latex/base/fontenc.sty
Package: fontenc 2021/04/29 v2.0v Standard LaTeX package
)) (/Users/lisa/Library/TinyTeX/texmf-dist/tex/latex/colortbl/colortbl.sty
Package: colortbl 2022/06/20 v1.0f Color table columns (DPC)
(/Users/lisa/Library/TinyTeX/texmf-dist/tex/latex/tools/array.sty
Package: array 2023/10/16 v2.5g Tabular extension package (FMi)
\col@sep=\dimen143
\ar@mcellbox=\box51
\extrarowheight=\dimen144
\NC@list=\toks23
\extratabsurround=\skip53
\backup@length=\skip54
\ar@cellbox=\box52
) (/Users/lisa/Library/TinyTeX/texmf-dist/tex/latex/graphics/color.sty
Package: color 2022/01/06 v1.3d Standard LaTeX Color (DPC)
(/Users/lisa/Library/TinyTeX/texmf-dist/tex/latex/graphics-cfg/color.cfg
File: color.cfg 2016/01/02 v1.6 sample color configuration
)
Package color Info: Driver file: pdftex.def on input line 149.
(/Users/lisa/Library/TinyTeX/texmf-dist/tex/latex/graphics-def/pdftex.def
File: pdftex.def 2022/09/22 v1.2b Graphics/color driver for pdftex
) (/Users/lisa/Library/TinyTeX/texmf-dist/tex/latex/graphics/mathcolor.ltx))
\everycr=\toks24
\minrowclearance=\skip55
\rownum=\count267
) (/Users/lisa/Library/TinyTeX/texmf-dist/tex/latex/xcolor/xcolor.sty
Package: xcolor 2023/11/15 v3.01 LaTeX color extensions (UK)
(/Users/lisa/Library/TinyTeX/texmf-dist/tex/latex/graphics-cfg/color.cfg
File: color.cfg 2016/01/02 v1.6 sample color configuration
)

Package xcolor Warning: Package option `usenames' is obsolete and ignored on input line 266.

Package xcolor Info: Driver file: pdftex.def on input line 274.
LaTeX Info: Redefining \color on input line 758.
(/Users/lisa/Library/TinyTeX/texmf-dist/tex/latex/graphics/mathcolor.ltx)
Package xcolor Info: Model `cmy' substituted by `cmy0' on input line 1350.
Package xcolor Info: Model `hsb' substituted by `rgb' on input line 1354.
Package xcolor Info: Model `RGB' extended on input line 1366.
Package xcolor Info: Model `HTML' substituted by `rgb' on input line 1368.
Package xcolor Info: Model `Hsb' substituted by `hsb' on input line 1369.
Package xcolor Info: Model `tHsb' substituted by `hsb' on input line 1370.
Package xcolor Info: Model `HSB' substituted by `hsb' on input line 1371.
Package xcolor Info: Model `Gray' substituted by `gray' on input line 1372.
Package xcolor Info: Model `wave' substituted by `hsb' on input line 1373.
) (/Users/lisa/Library/TinyTeX/texmf-dist/tex/latex/graphics/dvipsnam.def
File: dvipsnam.def 2016/06/17 v3.0m Driver-dependent file (DPC,SPQR)
) (/Users/lisa/Library/TinyTeX/texmf-dist/tex/latex/amsmath/amsmath.sty
Package: amsmath 2023/05/13 v2.17o AMS math features
\@mathmargin=\skip56
For additional information on amsmath, use the `?' option.
(/Users/lisa/Library/TinyTeX/texmf-dist/tex/latex/amsmath/amstext.sty
Package: amstext 2021/08/26 v2.01 AMS text
(/Users/lisa/Library/TinyTeX/texmf-dist/tex/latex/amsmath/amsgen.sty
File: amsgen.sty 1999/11/30 v2.0 generic functions
\@emptytoks=\toks25
\ex@=\dimen145
)) (/Users/lisa/Library/TinyTeX/texmf-dist/tex/latex/amsmath/amsbsy.sty
Package: amsbsy 1999/11/29 v1.2d Bold Symbols
\pmbraise@=\dimen146
) (/Users/lisa/Library/TinyTeX/texmf-dist/tex/latex/amsmath/amsopn.sty
Package: amsopn 2022/04/08 v2.04 operator names
)
\inf@bad=\count268
LaTeX Info: Redefining \frac on input line 234.
\uproot@=\count269
\leftroot@=\count270
LaTeX Info: Redefining \overline on input line 399.
LaTeX Info: Redefining \colon on input line 410.
\classnum@=\count271
\DOTSCASE@=\count272
LaTeX Info: Redefining \ldots on input line 496.
LaTeX Info: Redefining \dots on input line 499.
LaTeX Info: Redefining \cdots on input line 620.
\Mathstrutbox@=\box53
\strutbox@=\box54
LaTeX Info: Redefining \big on input line 722.
LaTeX Info: Redefining \Big on input line 723.
LaTeX Info: Redefining \bigg on input line 724.
LaTeX Info: Redefining \Bigg on input line 725.
\big@size=\dimen147
LaTeX Font Info:    Redeclaring font encoding OML on input line 743.
LaTeX Font Info:    Redeclaring font encoding OMS on input line 744.
\macc@depth=\count273
LaTeX Info: Redefining \bmod on input line 905.
LaTeX Info: Redefining \pmod on input line 910.
LaTeX Info: Redefining \smash on input line 940.
LaTeX Info: Redefining \relbar on input line 970.
LaTeX Info: Redefining \Relbar on input line 971.
\c@MaxMatrixCols=\count274
\dotsspace@=\muskip16
\c@parentequation=\count275
\dspbrk@lvl=\count276
\tag@help=\toks26
\row@=\count277
\column@=\count278
\maxfields@=\count279
\andhelp@=\toks27
\eqnshift@=\dimen148
\alignsep@=\dimen149
\tagshift@=\dimen150
\tagwidth@=\dimen151
\totwidth@=\dimen152
\lineht@=\dimen153
\@envbody=\toks28
\multlinegap=\skip57
\multlinetaggap=\skip58
\mathdisplay@stack=\toks29
LaTeX Info: Redefining \[ on input line 2953.
LaTeX Info: Redefining \] on input line 2954.
) (/Users/lisa/Library/TinyTeX/texmf-dist/tex/latex/graphics/graphicx.sty
Package: graphicx 2021/09/16 v1.2d Enhanced LaTeX Graphics (DPC,SPQR)
(/Users/lisa/Library/TinyTeX/texmf-dist/tex/latex/graphics/graphics.sty
Package: graphics 2022/03/10 v1.4e Standard LaTeX Graphics (DPC,SPQR)
(/Users/lisa/Library/TinyTeX/texmf-dist/tex/latex/graphics/trig.sty
Package: trig 2021/08/11 v1.11 sin cos tan (DPC)
) (/Users/lisa/Library/TinyTeX/texmf-dist/tex/latex/graphics-cfg/graphics.cfg
File: graphics.cfg 2016/06/04 v1.11 sample graphics configuration
)
Package graphics Info: Driver file: pdftex.def on input line 107.
)
\Gin@req@height=\dimen154
\Gin@req@width=\dimen155
) (/Users/lisa/Library/TinyTeX/texmf-dist/tex/latex/fancyhdr/fancyhdr.sty
Package: fancyhdr 2022/11/09 v4.1 Extensive control of page headers and footers
\f@nch@headwidth=\skip59
\f@nch@O@elh=\skip60
\f@nch@O@erh=\skip61
\f@nch@O@olh=\skip62
\f@nch@O@orh=\skip63
\f@nch@O@elf=\skip64
\f@nch@O@erf=\skip65
\f@nch@O@olf=\skip66
\f@nch@O@orf=\skip67
) (/Users/lisa/Library/TinyTeX/texmf-dist/tex/latex/setspace/setspace.sty
Package: setspace 2022/12/04 v6.7b set line spacing
) (/Users/lisa/Library/TinyTeX/texmf-dist/tex/latex/caption/caption.sty
Package: caption 2023/08/05 v3.6o Customizing captions (AR)
(/Users/lisa/Library/TinyTeX/texmf-dist/tex/latex/caption/caption3.sty
Package: caption3 2023/07/31 v2.4d caption3 kernel (AR)
\caption@tempdima=\dimen156
\captionmargin=\dimen157
\caption@leftmargin=\dimen158
\caption@rightmargin=\dimen159
\caption@width=\dimen160
\caption@indent=\dimen161
\caption@parindent=\dimen162
\caption@hangindent=\dimen163
Package caption Info: Standard document class detected.
)
\c@caption@flags=\count280
\c@continuedfloat=\count281
) (/Users/lisa/Library/TinyTeX/texmf-dist/tex/latex/lastpage/lastpage.sty
Package: lastpage 2023/10/14 v2.0e lastpage: 2.09 or 2e? (HMM)
(/Users/lisa/Library/TinyTeX/texmf-dist/tex/latex/lastpage/lastpage2e.sty
Package: lastpage2e 2023/10/14 v2.0e Decide which 2e lastpage version to use (HMM)
(/Users/lisa/Library/TinyTeX/texmf-dist/tex/latex/lastpage/lastpagemodern.sty
Package: lastpagemodern 2023-10-14 v2.0e Refers to last page's name (HMM; JPG)
\c@lastpagecount=\count282
) 
)) (/Users/lisa/Library/TinyTeX/texmf-dist/tex/latex/xifthen/xifthen.sty
Package: xifthen 2015/11/05 v1.4.0 Extended ifthen features
(/Users/lisa/Library/TinyTeX/texmf-dist/tex/latex/tools/calc.sty
Package: calc 2023/07/08 v4.3 Infix arithmetic (KKT,FJ)
\calc@Acount=\count283
\calc@Bcount=\count284
\calc@Adimen=\dimen164
\calc@Bdimen=\dimen165
\calc@Askip=\skip68
\calc@Bskip=\skip69
LaTeX Info: Redefining \setlength on input line 80.
LaTeX Info: Redefining \addtolength on input line 81.
\calc@Ccount=\count285
\calc@Cskip=\skip70
) (/Users/lisa/Library/TinyTeX/texmf-dist/tex/latex/ifmtarg/ifmtarg.sty
Package: ifmtarg 2018/04/16 v1.2b check for an empty argument
)) (/Users/lisa/Library/TinyTeX/texmf-dist/tex/latex/todonotes/todonotes.sty
Package: todonotes 2024/01/05 v1.1.7 Todonotes source and documentation.
Package: todonotes 2024/01/05
(/Users/lisa/Library/TinyTeX/texmf-dist/tex/latex/pgf/frontendlayer/tikz.sty (/Users/lisa/Library/TinyTeX/texmf-dist/tex/latex/pgf/basiclayer/pgf.sty (/Users/lisa/Library/TinyTeX/texmf-dist/tex/latex/pgf/utilities/pgfrcs.sty (/Users/lisa/Library/TinyTeX/texmf-dist/tex/generic/pgf/utilities/pgfutil-common.tex
\pgfutil@everybye=\toks30
\pgfutil@tempdima=\dimen166
\pgfutil@tempdimb=\dimen167
) (/Users/lisa/Library/TinyTeX/texmf-dist/tex/generic/pgf/utilities/pgfutil-latex.def
\pgfutil@abb=\box55
) (/Users/lisa/Library/TinyTeX/texmf-dist/tex/generic/pgf/utilities/pgfrcs.code.tex (/Users/lisa/Library/TinyTeX/texmf-dist/tex/generic/pgf/pgf.revision.tex)
Package: pgfrcs 2023-01-15 v3.1.10 (3.1.10)
))
Package: pgf 2023-01-15 v3.1.10 (3.1.10)
(/Users/lisa/Library/TinyTeX/texmf-dist/tex/latex/pgf/basiclayer/pgfcore.sty (/Users/lisa/Library/TinyTeX/texmf-dist/tex/latex/pgf/systemlayer/pgfsys.sty (/Users/lisa/Library/TinyTeX/texmf-dist/tex/generic/pgf/systemlayer/pgfsys.code.tex
Package: pgfsys 2023-01-15 v3.1.10 (3.1.10)
(/Users/lisa/Library/TinyTeX/texmf-dist/tex/generic/pgf/utilities/pgfkeys.code.tex
\pgfkeys@pathtoks=\toks31
\pgfkeys@temptoks=\toks32
(/Users/lisa/Library/TinyTeX/texmf-dist/tex/generic/pgf/utilities/pgfkeyslibraryfiltered.code.tex
\pgfkeys@tmptoks=\toks33
))
\pgf@x=\dimen168
\pgf@y=\dimen169
\pgf@xa=\dimen170
\pgf@ya=\dimen171
\pgf@xb=\dimen172
\pgf@yb=\dimen173
\pgf@xc=\dimen174
\pgf@yc=\dimen175
\pgf@xd=\dimen176
\pgf@yd=\dimen177
\w@pgf@writea=\write3
\r@pgf@reada=\read3
\c@pgf@counta=\count286
\c@pgf@countb=\count287
\c@pgf@countc=\count288
\c@pgf@countd=\count289
\t@pgf@toka=\toks34
\t@pgf@tokb=\toks35
\t@pgf@tokc=\toks36
\pgf@sys@id@count=\count290
(/Users/lisa/Library/TinyTeX/texmf-dist/tex/generic/pgf/systemlayer/pgf.cfg
File: pgf.cfg 2023-01-15 v3.1.10 (3.1.10)
)
Driver file for pgf: pgfsys-pdftex.def
(/Users/lisa/Library/TinyTeX/texmf-dist/tex/generic/pgf/systemlayer/pgfsys-pdftex.def
File: pgfsys-pdftex.def 2023-01-15 v3.1.10 (3.1.10)
(/Users/lisa/Library/TinyTeX/texmf-dist/tex/generic/pgf/systemlayer/pgfsys-common-pdf.def
File: pgfsys-common-pdf.def 2023-01-15 v3.1.10 (3.1.10)
))) (/Users/lisa/Library/TinyTeX/texmf-dist/tex/generic/pgf/systemlayer/pgfsyssoftpath.code.tex
File: pgfsyssoftpath.code.tex 2023-01-15 v3.1.10 (3.1.10)
\pgfsyssoftpath@smallbuffer@items=\count291
\pgfsyssoftpath@bigbuffer@items=\count292
) (/Users/lisa/Library/TinyTeX/texmf-dist/tex/generic/pgf/systemlayer/pgfsysprotocol.code.tex
File: pgfsysprotocol.code.tex 2023-01-15 v3.1.10 (3.1.10)
)) (/Users/lisa/Library/TinyTeX/texmf-dist/tex/generic/pgf/basiclayer/pgfcore.code.tex
Package: pgfcore 2023-01-15 v3.1.10 (3.1.10)
(/Users/lisa/Library/TinyTeX/texmf-dist/tex/generic/pgf/math/pgfmath.code.tex (/Users/lisa/Library/TinyTeX/texmf-dist/tex/generic/pgf/math/pgfmathutil.code.tex) (/Users/lisa/Library/TinyTeX/texmf-dist/tex/generic/pgf/math/pgfmathparser.code.tex
\pgfmath@dimen=\dimen178
\pgfmath@count=\count293
\pgfmath@box=\box56
\pgfmath@toks=\toks37
\pgfmath@stack@operand=\toks38
\pgfmath@stack@operation=\toks39
) (/Users/lisa/Library/TinyTeX/texmf-dist/tex/generic/pgf/math/pgfmathfunctions.code.tex) (/Users/lisa/Library/TinyTeX/texmf-dist/tex/generic/pgf/math/pgfmathfunctions.basic.code.tex) (/Users/lisa/Library/TinyTeX/texmf-dist/tex/generic/pgf/math/pgfmathfunctions.trigonometric.code.tex) (/Users/lisa/Library/TinyTeX/texmf-dist/tex/generic/pgf/math/pgfmathfunctions.random.code.tex) (/Users/lisa/Library/TinyTeX/texmf-dist/tex/generic/pgf/math/pgfmathfunctions.comparison.code.tex) (/Users/lisa/Library/TinyTeX/texmf-dist/tex/generic/pgf/math/pgfmathfunctions.base.code.tex) (/Users/lisa/Library/TinyTeX/texmf-dist/tex/generic/pgf/math/pgfmathfunctions.round.code.tex) (/Users/lisa/Library/TinyTeX/texmf-dist/tex/generic/pgf/math/pgfmathfunctions.misc.code.tex) (/Users/lisa/Library/TinyTeX/texmf-dist/tex/generic/pgf/math/pgfmathfunctions.integerarithmetics.code.tex) (/Users/lisa/Library/TinyTeX/texmf-dist/tex/generic/pgf/math/pgfmathcalc.code.tex) (/Users/lisa/Library/TinyTeX/texmf-dist/tex/generic/pgf/math/pgfmathfloat.code.tex
\c@pgfmathroundto@lastzeros=\count294
)) (/Users/lisa/Library/TinyTeX/texmf-dist/tex/generic/pgf/math/pgfint.code.tex) (/Users/lisa/Library/TinyTeX/texmf-dist/tex/generic/pgf/basiclayer/pgfcorepoints.code.tex
File: pgfcorepoints.code.tex 2023-01-15 v3.1.10 (3.1.10)
\pgf@picminx=\dimen179
\pgf@picmaxx=\dimen180
\pgf@picminy=\dimen181
\pgf@picmaxy=\dimen182
\pgf@pathminx=\dimen183
\pgf@pathmaxx=\dimen184
\pgf@pathminy=\dimen185
\pgf@pathmaxy=\dimen186
\pgf@xx=\dimen187
\pgf@xy=\dimen188
\pgf@yx=\dimen189
\pgf@yy=\dimen190
\pgf@zx=\dimen191
\pgf@zy=\dimen192
) (/Users/lisa/Library/TinyTeX/texmf-dist/tex/generic/pgf/basiclayer/pgfcorepathconstruct.code.tex
File: pgfcorepathconstruct.code.tex 2023-01-15 v3.1.10 (3.1.10)
\pgf@path@lastx=\dimen193
\pgf@path@lasty=\dimen194
) (/Users/lisa/Library/TinyTeX/texmf-dist/tex/generic/pgf/basiclayer/pgfcorepathusage.code.tex
File: pgfcorepathusage.code.tex 2023-01-15 v3.1.10 (3.1.10)
\pgf@shorten@end@additional=\dimen195
\pgf@shorten@start@additional=\dimen196
) (/Users/lisa/Library/TinyTeX/texmf-dist/tex/generic/pgf/basiclayer/pgfcorescopes.code.tex
File: pgfcorescopes.code.tex 2023-01-15 v3.1.10 (3.1.10)
\pgfpic=\box57
\pgf@hbox=\box58
\pgf@layerbox@main=\box59
\pgf@picture@serial@count=\count295
) (/Users/lisa/Library/TinyTeX/texmf-dist/tex/generic/pgf/basiclayer/pgfcoregraphicstate.code.tex
File: pgfcoregraphicstate.code.tex 2023-01-15 v3.1.10 (3.1.10)
\pgflinewidth=\dimen197
) (/Users/lisa/Library/TinyTeX/texmf-dist/tex/generic/pgf/basiclayer/pgfcoretransformations.code.tex
File: pgfcoretransformations.code.tex 2023-01-15 v3.1.10 (3.1.10)
\pgf@pt@x=\dimen198
\pgf@pt@y=\dimen199
\pgf@pt@temp=\dimen256
) (/Users/lisa/Library/TinyTeX/texmf-dist/tex/generic/pgf/basiclayer/pgfcorequick.code.tex
File: pgfcorequick.code.tex 2023-01-15 v3.1.10 (3.1.10)
) (/Users/lisa/Library/TinyTeX/texmf-dist/tex/generic/pgf/basiclayer/pgfcoreobjects.code.tex
File: pgfcoreobjects.code.tex 2023-01-15 v3.1.10 (3.1.10)
) (/Users/lisa/Library/TinyTeX/texmf-dist/tex/generic/pgf/basiclayer/pgfcorepathprocessing.code.tex
File: pgfcorepathprocessing.code.tex 2023-01-15 v3.1.10 (3.1.10)
) (/Users/lisa/Library/TinyTeX/texmf-dist/tex/generic/pgf/basiclayer/pgfcorearrows.code.tex
File: pgfcorearrows.code.tex 2023-01-15 v3.1.10 (3.1.10)
\pgfarrowsep=\dimen257
) (/Users/lisa/Library/TinyTeX/texmf-dist/tex/generic/pgf/basiclayer/pgfcoreshade.code.tex
File: pgfcoreshade.code.tex 2023-01-15 v3.1.10 (3.1.10)
\pgf@max=\dimen258
\pgf@sys@shading@range@num=\count296
\pgf@shadingcount=\count297
) (/Users/lisa/Library/TinyTeX/texmf-dist/tex/generic/pgf/basiclayer/pgfcoreimage.code.tex
File: pgfcoreimage.code.tex 2023-01-15 v3.1.10 (3.1.10)
) (/Users/lisa/Library/TinyTeX/texmf-dist/tex/generic/pgf/basiclayer/pgfcoreexternal.code.tex
File: pgfcoreexternal.code.tex 2023-01-15 v3.1.10 (3.1.10)
\pgfexternal@startupbox=\box60
) (/Users/lisa/Library/TinyTeX/texmf-dist/tex/generic/pgf/basiclayer/pgfcorelayers.code.tex
File: pgfcorelayers.code.tex 2023-01-15 v3.1.10 (3.1.10)
) (/Users/lisa/Library/TinyTeX/texmf-dist/tex/generic/pgf/basiclayer/pgfcoretransparency.code.tex
File: pgfcoretransparency.code.tex 2023-01-15 v3.1.10 (3.1.10)
) (/Users/lisa/Library/TinyTeX/texmf-dist/tex/generic/pgf/basiclayer/pgfcorepatterns.code.tex
File: pgfcorepatterns.code.tex 2023-01-15 v3.1.10 (3.1.10)
) (/Users/lisa/Library/TinyTeX/texmf-dist/tex/generic/pgf/basiclayer/pgfcorerdf.code.tex
File: pgfcorerdf.code.tex 2023-01-15 v3.1.10 (3.1.10)
))) (/Users/lisa/Library/TinyTeX/texmf-dist/tex/generic/pgf/modules/pgfmoduleshapes.code.tex
File: pgfmoduleshapes.code.tex 2023-01-15 v3.1.10 (3.1.10)
\pgfnodeparttextbox=\box61
) (/Users/lisa/Library/TinyTeX/texmf-dist/tex/generic/pgf/modules/pgfmoduleplot.code.tex
File: pgfmoduleplot.code.tex 2023-01-15 v3.1.10 (3.1.10)
) (/Users/lisa/Library/TinyTeX/texmf-dist/tex/latex/pgf/compatibility/pgfcomp-version-0-65.sty
Package: pgfcomp-version-0-65 2023-01-15 v3.1.10 (3.1.10)
\pgf@nodesepstart=\dimen259
\pgf@nodesepend=\dimen260
) (/Users/lisa/Library/TinyTeX/texmf-dist/tex/latex/pgf/compatibility/pgfcomp-version-1-18.sty
Package: pgfcomp-version-1-18 2023-01-15 v3.1.10 (3.1.10)
)) (/Users/lisa/Library/TinyTeX/texmf-dist/tex/latex/pgf/utilities/pgffor.sty (/Users/lisa/Library/TinyTeX/texmf-dist/tex/latex/pgf/utilities/pgfkeys.sty (/Users/lisa/Library/TinyTeX/texmf-dist/tex/generic/pgf/utilities/pgfkeys.code.tex)) (/Users/lisa/Library/TinyTeX/texmf-dist/tex/latex/pgf/math/pgfmath.sty (/Users/lisa/Library/TinyTeX/texmf-dist/tex/generic/pgf/math/pgfmath.code.tex)) (/Users/lisa/Library/TinyTeX/texmf-dist/tex/generic/pgf/utilities/pgffor.code.tex
Package: pgffor 2023-01-15 v3.1.10 (3.1.10)
\pgffor@iter=\dimen261
\pgffor@skip=\dimen262
\pgffor@stack=\toks40
\pgffor@toks=\toks41
)) (/Users/lisa/Library/TinyTeX/texmf-dist/tex/generic/pgf/frontendlayer/tikz/tikz.code.tex
Package: tikz 2023-01-15 v3.1.10 (3.1.10)
(/Users/lisa/Library/TinyTeX/texmf-dist/tex/generic/pgf/libraries/pgflibraryplothandlers.code.tex
File: pgflibraryplothandlers.code.tex 2023-01-15 v3.1.10 (3.1.10)
\pgf@plot@mark@count=\count298
\pgfplotmarksize=\dimen263
)
\tikz@lastx=\dimen264
\tikz@lasty=\dimen265
\tikz@lastxsaved=\dimen266
\tikz@lastysaved=\dimen267
\tikz@lastmovetox=\dimen268
\tikz@lastmovetoy=\dimen269
\tikzleveldistance=\dimen270
\tikzsiblingdistance=\dimen271
\tikz@figbox=\box62
\tikz@figbox@bg=\box63
\tikz@tempbox=\box64
\tikz@tempbox@bg=\box65
\tikztreelevel=\count299
\tikznumberofchildren=\count300
\tikznumberofcurrentchild=\count301
\tikz@fig@count=\count302
(/Users/lisa/Library/TinyTeX/texmf-dist/tex/generic/pgf/modules/pgfmodulematrix.code.tex
File: pgfmodulematrix.code.tex 2023-01-15 v3.1.10 (3.1.10)
\pgfmatrixcurrentrow=\count303
\pgfmatrixcurrentcolumn=\count304
\pgf@matrix@numberofcolumns=\count305
)
\tikz@expandcount=\count306
(/Users/lisa/Library/TinyTeX/texmf-dist/tex/generic/pgf/frontendlayer/tikz/libraries/tikzlibrarytopaths.code.tex
File: tikzlibrarytopaths.code.tex 2023-01-15 v3.1.10 (3.1.10)
))) (/Users/lisa/Library/TinyTeX/texmf-dist/tex/generic/pgf/frontendlayer/tikz/libraries/tikzlibrarypositioning.code.tex
File: tikzlibrarypositioning.code.tex 2023-01-15 v3.1.10 (3.1.10)
)
\c@@todonotes@numberoftodonotes=\count307
) (/Users/lisa/Library/TinyTeX/texmf-dist/tex/latex/geometry/geometry.sty
Package: geometry 2020/01/02 v5.9 Page Geometry
(/Users/lisa/Library/TinyTeX/texmf-dist/tex/generic/iftex/ifvtex.sty
Package: ifvtex 2019/10/25 v1.7 ifvtex legacy package. Use iftex instead.
(/Users/lisa/Library/TinyTeX/texmf-dist/tex/generic/iftex/iftex.sty
Package: iftex 2022/02/03 v1.0f TeX engine tests
))
\Gm@cnth=\count308
\Gm@cntv=\count309
\c@Gm@tempcnt=\count310
\Gm@bindingoffset=\dimen272
\Gm@wd@mp=\dimen273
\Gm@odd@mp=\dimen274
\Gm@even@mp=\dimen275
\Gm@layoutwidth=\dimen276
\Gm@layoutheight=\dimen277
\Gm@layouthoffset=\dimen278
\Gm@layoutvoffset=\dimen279
\Gm@dimlist=\toks42
) (/Users/lisa/Library/TinyTeX/texmf-dist/tex/latex/titlesec/titlesec.sty
Package: titlesec 2023/10/27 v2.16 Sectioning titles
\ttl@box=\box66
\beforetitleunit=\skip71
\aftertitleunit=\skip72
\ttl@plus=\dimen280
\ttl@minus=\dimen281
\ttl@toksa=\toks43
\titlewidth=\dimen282
\titlewidthlast=\dimen283
\titlewidthfirst=\dimen284
)) (/Users/lisa/Library/TinyTeX/texmf-dist/tex/latex/hyperref/hyperref.sty
Package: hyperref 2023-11-26 v7.01g Hypertext links for LaTeX
(/Users/lisa/Library/TinyTeX/texmf-dist/tex/generic/infwarerr/infwarerr.sty
Package: infwarerr 2019/12/03 v1.5 Providing info/warning/error messages (HO)
) (/Users/lisa/Library/TinyTeX/texmf-dist/tex/latex/kvsetkeys/kvsetkeys.sty
Package: kvsetkeys 2022-10-05 v1.19 Key value parser (HO)
) (/Users/lisa/Library/TinyTeX/texmf-dist/tex/generic/kvdefinekeys/kvdefinekeys.sty
Package: kvdefinekeys 2019-12-19 v1.6 Define keys (HO)
) (/Users/lisa/Library/TinyTeX/texmf-dist/tex/generic/pdfescape/pdfescape.sty
Package: pdfescape 2019/12/09 v1.15 Implements pdfTeX's escape features (HO)
(/Users/lisa/Library/TinyTeX/texmf-dist/tex/generic/ltxcmds/ltxcmds.sty
Package: ltxcmds 2023-12-04 v1.26 LaTeX kernel commands for general use (HO)
) (/Users/lisa/Library/TinyTeX/texmf-dist/tex/generic/pdftexcmds/pdftexcmds.sty
Package: pdftexcmds 2020-06-27 v0.33 Utility functions of pdfTeX for LuaTeX (HO)
Package pdftexcmds Info: \pdf@primitive is available.
Package pdftexcmds Info: \pdf@ifprimitive is available.
Package pdftexcmds Info: \pdfdraftmode found.
)) (/Users/lisa/Library/TinyTeX/texmf-dist/tex/latex/hycolor/hycolor.sty
Package: hycolor 2020-01-27 v1.10 Color options for hyperref/bookmark (HO)
) (/Users/lisa/Library/TinyTeX/texmf-dist/tex/latex/letltxmacro/letltxmacro.sty
Package: letltxmacro 2019/12/03 v1.6 Let assignment for LaTeX macros (HO)
) (/Users/lisa/Library/TinyTeX/texmf-dist/tex/latex/auxhook/auxhook.sty
Package: auxhook 2019-12-17 v1.6 Hooks for auxiliary files (HO)
) (/Users/lisa/Library/TinyTeX/texmf-dist/tex/latex/hyperref/nameref.sty
Package: nameref 2023-11-26 v2.56 Cross-referencing by name of section
(/Users/lisa/Library/TinyTeX/texmf-dist/tex/latex/refcount/refcount.sty
Package: refcount 2019/12/15 v3.6 Data extraction from label references (HO)
) (/Users/lisa/Library/TinyTeX/texmf-dist/tex/generic/gettitlestring/gettitlestring.sty
Package: gettitlestring 2019/12/15 v1.6 Cleanup title references (HO)
(/Users/lisa/Library/TinyTeX/texmf-dist/tex/latex/kvoptions/kvoptions.sty
Package: kvoptions 2022-06-15 v3.15 Key value format for package options (HO)
))
\c@section@level=\count311
) (/Users/lisa/Library/TinyTeX/texmf-dist/tex/latex/etoolbox/etoolbox.sty
Package: etoolbox 2020/10/05 v2.5k e-TeX tools for LaTeX (JAW)
\etb@tempcnta=\count312
)
\@linkdim=\dimen285
\Hy@linkcounter=\count313
\Hy@pagecounter=\count314
(/Users/lisa/Library/TinyTeX/texmf-dist/tex/latex/hyperref/pd1enc.def
File: pd1enc.def 2023-11-26 v7.01g Hyperref: PDFDocEncoding definition (HO)
Now handling font encoding PD1 ...
... no UTF-8 mapping file for font encoding PD1
) (/Users/lisa/Library/TinyTeX/texmf-dist/tex/generic/intcalc/intcalc.sty
Package: intcalc 2019/12/15 v1.3 Expandable calculations with integers (HO)
)
\Hy@SavedSpaceFactor=\count315
(/Users/lisa/Library/TinyTeX/texmf-dist/tex/latex/hyperref/puenc.def
File: puenc.def 2023-11-26 v7.01g Hyperref: PDF Unicode definition (HO)
Now handling font encoding PU ...
... no UTF-8 mapping file for font encoding PU
)
Package hyperref Info: Hyper figures OFF on input line 4181.
Package hyperref Info: Link nesting OFF on input line 4186.
Package hyperref Info: Hyper index ON on input line 4189.
Package hyperref Info: Plain pages OFF on input line 4196.
Package hyperref Info: Backreferencing OFF on input line 4201.
Package hyperref Info: Implicit mode ON; LaTeX internals redefined.
Package hyperref Info: Bookmarks ON on input line 4448.
\c@Hy@tempcnt=\count316
(/Users/lisa/Library/TinyTeX/texmf-dist/tex/latex/url/url.sty
\Urlmuskip=\muskip17
Package: url 2013/09/16  ver 3.4  Verb mode for urls, etc.
)
LaTeX Info: Redefining \url on input line 4786.
\XeTeXLinkMargin=\dimen286
(/Users/lisa/Library/TinyTeX/texmf-dist/tex/generic/bitset/bitset.sty
Package: bitset 2019/12/09 v1.3 Handle bit-vector datatype (HO)
(/Users/lisa/Library/TinyTeX/texmf-dist/tex/generic/bigintcalc/bigintcalc.sty
Package: bigintcalc 2019/12/15 v1.5 Expandable calculations on big integers (HO)
))
\Fld@menulength=\count317
\Field@Width=\dimen287
\Fld@charsize=\dimen288
Package hyperref Info: Hyper figures OFF on input line 6065.
Package hyperref Info: Link nesting OFF on input line 6070.
Package hyperref Info: Hyper index ON on input line 6073.
Package hyperref Info: backreferencing OFF on input line 6080.
Package hyperref Info: Link coloring OFF on input line 6085.
Package hyperref Info: Link coloring with OCG OFF on input line 6090.
Package hyperref Info: PDF/A mode OFF on input line 6095.
(/Users/lisa/Library/TinyTeX/texmf-dist/tex/latex/base/atbegshi-ltx.sty
Package: atbegshi-ltx 2021/01/10 v1.0c Emulation of the original atbegshi
package with kernel methods
)
\Hy@abspage=\count318
\c@Item=\count319
\c@Hfootnote=\count320
)
Package hyperref Info: Driver (autodetected): hpdftex.
(/Users/lisa/Library/TinyTeX/texmf-dist/tex/latex/hyperref/hpdftex.def
File: hpdftex.def 2023-11-26 v7.01g Hyperref driver for pdfTeX
(/Users/lisa/Library/TinyTeX/texmf-dist/tex/latex/base/atveryend-ltx.sty
Package: atveryend-ltx 2020/08/19 v1.0a Emulation of the original atveryend package
with kernel methods
)
\Fld@listcount=\count321
\c@bookmark@seq@number=\count322
(/Users/lisa/Library/TinyTeX/texmf-dist/tex/latex/rerunfilecheck/rerunfilecheck.sty
Package: rerunfilecheck 2022-07-10 v1.10 Rerun checks for auxiliary files (HO)
(/Users/lisa/Library/TinyTeX/texmf-dist/tex/generic/uniquecounter/uniquecounter.sty
Package: uniquecounter 2019/12/15 v1.4 Provide unlimited unique counter (HO)
)
Package uniquecounter Info: New unique counter `rerunfilecheck' on input line 285.
)
\Hy@SectionHShift=\skip73
) (/Users/lisa/Library/TinyTeX/texmf-dist/tex/latex/natbib/natbib.sty
Package: natbib 2010/09/13 8.31b (PWD, AO)
\bibhang=\skip74
\bibsep=\skip75
LaTeX Info: Redefining \cite on input line 694.
\c@NAT@ctr=\count323
) (/Users/lisa/Library/TinyTeX/texmf-dist/tex/latex/fancyvrb/fancyvrb.sty
Package: fancyvrb 2023/11/06 4.5b verbatim text (tvz,hv)
\FV@CodeLineNo=\count324
\FV@InFile=\read4
\FV@TabBox=\box67
\c@FancyVerbLine=\count325
\FV@StepNumber=\count326
\FV@OutFile=\write4
) (/Users/lisa/Library/TinyTeX/texmf-dist/tex/latex/framed/framed.sty
Package: framed 2011/10/22 v 0.96: framed or shaded text with page breaks
\OuterFrameSep=\skip76
\fb@frw=\dimen289
\fb@frh=\dimen290
\FrameRule=\dimen291
\FrameSep=\dimen292
)
Package hyperref Info: Option `unicode' set `true' on input line 78.
Package hyperref Info: Option `breaklinks' set `true' on input line 78.
(/Users/lisa/Library/TinyTeX/texmf-dist/tex/latex/l3backend/l3backend-pdftex.def
File: l3backend-pdftex.def 2024-01-04 L3 backend support: PDF output (pdfTeX)
\l__color_backend_stack_int=\count327
\l__pdf_internal_box=\box68
) (./workflow_expressions.aux)
\openout1 = `workflow_expressions.aux'.

LaTeX Font Info:    Checking defaults for OML/cmm/m/it on input line 87.
LaTeX Font Info:    ... okay on input line 87.
LaTeX Font Info:    Checking defaults for OMS/cmsy/m/n on input line 87.
LaTeX Font Info:    ... okay on input line 87.
LaTeX Font Info:    Checking defaults for OT1/cmr/m/n on input line 87.
LaTeX Font Info:    ... okay on input line 87.
LaTeX Font Info:    Checking defaults for T1/cmr/m/n on input line 87.
LaTeX Font Info:    ... okay on input line 87.
LaTeX Font Info:    Checking defaults for TS1/cmr/m/n on input line 87.
LaTeX Font Info:    ... okay on input line 87.
LaTeX Font Info:    Checking defaults for OMX/cmex/m/n on input line 87.
LaTeX Font Info:    ... okay on input line 87.
LaTeX Font Info:    Checking defaults for U/cmr/m/n on input line 87.
LaTeX Font Info:    ... okay on input line 87.
LaTeX Font Info:    Checking defaults for MDA/cmr/m/n on input line 87.
LaTeX Font Info:    Trying to load font information for MDA+cmr on input line 87.
(/Users/lisa/Library/TinyTeX/texmf-dist/tex/latex/mathdesign/mdacmr.fd
File: mdacmr.fd 
)
LaTeX Font Info:    ... okay on input line 87.
LaTeX Font Info:    Checking defaults for MDB/cmr/m/n on input line 87.
LaTeX Font Info:    Trying to load font information for MDB+cmr on input line 87.
(/Users/lisa/Library/TinyTeX/texmf-dist/tex/latex/mathdesign/mdbcmr.fd
File: mdbcmr.fd 
)
LaTeX Font Info:    ... okay on input line 87.
LaTeX Font Info:    Checking defaults for PD1/pdf/m/n on input line 87.
LaTeX Font Info:    ... okay on input line 87.
LaTeX Font Info:    Checking defaults for PU/pdf/m/n on input line 87.
LaTeX Font Info:    ... okay on input line 87.
(/Users/lisa/Library/TinyTeX/texmf-dist/tex/latex/epstopdf-pkg/epstopdf-base.sty
Package: epstopdf-base 2020-01-24 v2.11 Base part for package epstopdf
Package epstopdf-base Info: Redefining graphics rule for `.eps' on input line 485.
(/Users/lisa/Library/TinyTeX/texmf-dist/tex/latex/latexconfig/epstopdf-sys.cfg
File: epstopdf-sys.cfg 2010/07/13 v1.3 Configuration of (r)epstopdf for TeX Live
))
Package caption Info: Begin \AtBeginDocument code.
Package caption Info: hyperref package is loaded.
Package caption Info: End \AtBeginDocument code.
*geometry* driver: auto-detecting
*geometry* detected driver: pdftex
*geometry* verbose mode - [ preamble ] result:
* driver: pdftex
* paper: a4paper
* layout: <same size as paper>
* layoutoffset:(h,v)=(0.0pt,0.0pt)
* modes: 
* h-part:(L,W,R)=(51.21504pt, 495.07779pt, 51.21504pt)
* v-part:(T,H,B)=(62.59596pt, 719.85492pt, 62.59596pt)
* \paperwidth=597.50787pt
* \paperheight=845.04684pt
* \textwidth=495.07779pt
* \textheight=719.85492pt
* \oddsidemargin=-21.05495pt
* \evensidemargin=-21.05495pt
* \topmargin=-46.67403pt
* \headheight=12.0pt
* \headsep=25.0pt
* \topskip=9.0pt
* \footskip=30.0pt
* \marginparwidth=65.0pt
* \marginparsep=10.0pt
* \columnsep=18.06749pt
* \skip\footins=8.0pt plus 4.0pt minus 2.0pt
* \hoffset=0.0pt
* \voffset=0.0pt
* \mag=1000
* \@twocolumnfalse
* \@twosidefalse
* \@mparswitchfalse
* \@reversemarginfalse
* (1in=72.27pt=25.4mm, 1cm=28.453pt)

Package hyperref Info: Link coloring OFF on input line 87.
(./workflow_expressions.out) (./workflow_expressions.out)
\@outlinefile=\write5
\openout5 = `workflow_expressions.out'.

*geometry* verbose mode - [ newgeometry ] result:
* driver: pdftex
* paper: a4paper
* layout: <same size as paper>
* layoutoffset:(h,v)=(0.0pt,0.0pt)
* modes: 
* h-part:(L,W,R)=(51.21504pt, 495.07779pt, 51.21504pt)
* v-part:(T,H,B)=(62.59596pt, 719.85492pt, 62.59596pt)
* \paperwidth=597.50787pt
* \paperheight=845.04684pt
* \textwidth=495.07779pt
* \textheight=719.85492pt
* \oddsidemargin=-21.05495pt
* \evensidemargin=-21.05495pt
* \topmargin=-46.67403pt
* \headheight=12.0pt
* \headsep=25.0pt
* \topskip=9.0pt
* \footskip=30.0pt
* \marginparwidth=65.0pt
* \marginparsep=10.0pt
* \columnsep=18.06749pt
* \skip\footins=8.0pt plus 4.0pt minus 2.0pt
* \hoffset=0.0pt
* \voffset=0.0pt
* \mag=1000
* \@twocolumnfalse
* \@twosidefalse
* \@mparswitchfalse
* \@reversemarginfalse
* (1in=72.27pt=25.4mm, 1cm=28.453pt)

LaTeX Font Info:    Font shape `OT1/phv/b/n' will be
(Font)              scaled to size 17.65991pt on input line 101.
LaTeX Font Info:    Font shape `OT1/phv/b/n' will be
(Font)              scaled to size 7.06396pt on input line 101.
LaTeX Font Info:    Font shape `OT1/phv/b/n' will be
(Font)              scaled to size 14.12793pt on input line 101.
LaTeX Font Info:    Calculating math sizes for size <16> on input line 101.
LaTeX Font Info:    Trying to load font information for OT1+mdbch on input line 101.
(/Users/lisa/Library/TinyTeX/texmf-dist/tex/latex/mathdesign/mdbch/ot1mdbch.fd
File: ot1mdbch.fd 2013/08/29 Fontinst v1.933 font definitions for OT1/mdbch.
)
LaTeX Font Info:    Font shape `OT1/mdbch/m/n' will be
(Font)              scaled to size 15.3601pt on input line 101.
LaTeX Font Info:    Font shape `OT1/mdbch/m/n' will be
(Font)              scaled to size 10.75201pt on input line 101.
LaTeX Font Info:    Font shape `OT1/mdbch/m/n' will be
(Font)              scaled to size 7.68005pt on input line 101.
LaTeX Font Info:    Trying to load font information for OML+mdbch on input line 101.
(/Users/lisa/Library/TinyTeX/texmf-dist/tex/latex/mathdesign/mdbch/omlmdbch.fd
File: omlmdbch.fd 2013/08/29 Fontinst v1.933 font definitions for OML/mdbch.
)
LaTeX Font Info:    Font shape `OML/mdbch/m/it' will be
(Font)              scaled to size 15.3601pt on input line 101.
LaTeX Font Info:    Font shape `OML/mdbch/m/it' will be
(Font)              scaled to size 10.75201pt on input line 101.
LaTeX Font Info:    Font shape `OML/mdbch/m/it' will be
(Font)              scaled to size 7.68005pt on input line 101.
LaTeX Font Info:    Trying to load font information for OMS+mdbch on input line 101.
(/Users/lisa/Library/TinyTeX/texmf-dist/tex/latex/mathdesign/mdbch/omsmdbch.fd
File: omsmdbch.fd 2013/08/29 Fontinst v1.933 font definitions for OMS/mdbch.
)
LaTeX Font Info:    Font shape `OMS/mdbch/m/n' will be
(Font)              scaled to size 15.3601pt on input line 101.
LaTeX Font Info:    Font shape `OMS/mdbch/m/n' will be
(Font)              scaled to size 10.75201pt on input line 101.
LaTeX Font Info:    Font shape `OMS/mdbch/m/n' will be
(Font)              scaled to size 7.68005pt on input line 101.
LaTeX Font Info:    Trying to load font information for OMX+mdbch on input line 101.
(/Users/lisa/Library/TinyTeX/texmf-dist/tex/latex/mathdesign/mdbch/omxmdbch.fd
File: omxmdbch.fd 2013/08/29 Fontinst v1.933 font definitions for OMX/mdbch.
)
LaTeX Font Info:    Font shape `OMX/mdbch/m/n' will be
(Font)              scaled to size 15.3601pt on input line 101.
LaTeX Font Info:    Font shape `OMX/mdbch/m/n' will be
(Font)              scaled to size 10.75201pt on input line 101.
LaTeX Font Info:    Font shape `OMX/mdbch/m/n' will be
(Font)              scaled to size 7.68005pt on input line 101.
LaTeX Font Info:    Font shape `OML/mdbch/m/n' will be
(Font)              scaled to size 15.3601pt on input line 101.
LaTeX Font Info:    Font shape `OML/mdbch/m/n' will be
(Font)              scaled to size 10.75201pt on input line 101.
LaTeX Font Info:    Font shape `OML/mdbch/m/n' will be
(Font)              scaled to size 7.68005pt on input line 101.
LaTeX Font Info:    Trying to load font information for MDA+mdbch on input line 101.
(/Users/lisa/Library/TinyTeX/texmf-dist/tex/latex/mathdesign/mdbch/mdamdbch.fd
File: mdamdbch.fd 2013/08/29 Fontinst v1.933 font definitions for MDA/mdbch.
)
LaTeX Font Info:    Font shape `MDA/mdbch/m/n' will be
(Font)              scaled to size 15.3601pt on input line 101.
LaTeX Font Info:    Font shape `MDA/mdbch/m/n' will be
(Font)              scaled to size 10.75201pt on input line 101.
LaTeX Font Info:    Font shape `MDA/mdbch/m/n' will be
(Font)              scaled to size 7.68005pt on input line 101.
LaTeX Font Info:    Trying to load font information for MDB+mdbch on input line 101.
(/Users/lisa/Library/TinyTeX/texmf-dist/tex/latex/mathdesign/mdbch/mdbmdbch.fd
File: mdbmdbch.fd 2013/08/29 Fontinst v1.933 font definitions for MDB/mdbch.
)
LaTeX Font Info:    Font shape `MDB/mdbch/m/n' will be
(Font)              scaled to size 15.3601pt on input line 101.
LaTeX Font Info:    Font shape `MDB/mdbch/m/n' will be
(Font)              scaled to size 10.75201pt on input line 101.
LaTeX Font Info:    Font shape `MDB/mdbch/m/n' will be
(Font)              scaled to size 7.68005pt on input line 101.
LaTeX Font Info:    Font shape `OT1/phv/b/n' will be
(Font)              scaled to size 9.8895pt on input line 101.
LaTeX Font Info:    Font shape `T1/mdbch/m/n' will be
(Font)              scaled to size 10.75201pt on input line 101.
LaTeX Font Info:    Font shape `OT1/phv/b/n' will be
(Font)              scaled to size 8.82996pt on input line 101.
LaTeX Font Info:    Font shape `OT1/mdbch/m/n' will be
(Font)              scaled to size 9.60007pt on input line 101.
LaTeX Font Info:    Font shape `OT1/mdbch/m/n' will be
(Font)              scaled to size 6.72005pt on input line 101.
LaTeX Font Info:    Font shape `OT1/mdbch/m/n' will be
(Font)              scaled to size 4.80003pt on input line 101.
LaTeX Font Info:    Font shape `OML/mdbch/m/it' will be
(Font)              scaled to size 9.60007pt on input line 101.
LaTeX Font Info:    Font shape `OML/mdbch/m/it' will be
(Font)              scaled to size 6.72005pt on input line 101.
LaTeX Font Info:    Font shape `OML/mdbch/m/it' will be
(Font)              scaled to size 4.80003pt on input line 101.
LaTeX Font Info:    Font shape `OMS/mdbch/m/n' will be
(Font)              scaled to size 9.60007pt on input line 101.
LaTeX Font Info:    Font shape `OMS/mdbch/m/n' will be
(Font)              scaled to size 6.72005pt on input line 101.
LaTeX Font Info:    Font shape `OMS/mdbch/m/n' will be
(Font)              scaled to size 4.80003pt on input line 101.
LaTeX Font Info:    Font shape `OMX/mdbch/m/n' will be
(Font)              scaled to size 9.60007pt on input line 101.
LaTeX Font Info:    Font shape `OMX/mdbch/m/n' will be
(Font)              scaled to size 6.72005pt on input line 101.
LaTeX Font Info:    Font shape `OMX/mdbch/m/n' will be
(Font)              scaled to size 4.80003pt on input line 101.
LaTeX Font Info:    Font shape `OML/mdbch/m/n' will be
(Font)              scaled to size 9.60007pt on input line 101.
LaTeX Font Info:    Font shape `OML/mdbch/m/n' will be
(Font)              scaled to size 6.72005pt on input line 101.
LaTeX Font Info:    Font shape `OML/mdbch/m/n' will be
(Font)              scaled to size 4.80003pt on input line 101.
LaTeX Font Info:    Font shape `MDA/mdbch/m/n' will be
(Font)              scaled to size 9.60007pt on input line 101.
LaTeX Font Info:    Font shape `MDA/mdbch/m/n' will be
(Font)              scaled to size 6.72005pt on input line 101.
LaTeX Font Info:    Font shape `MDA/mdbch/m/n' will be
(Font)              scaled to size 4.80003pt on input line 101.
LaTeX Font Info:    Font shape `MDB/mdbch/m/n' will be
(Font)              scaled to size 9.60007pt on input line 101.
LaTeX Font Info:    Font shape `MDB/mdbch/m/n' will be
(Font)              scaled to size 6.72005pt on input line 101.
LaTeX Font Info:    Font shape `MDB/mdbch/m/n' will be
(Font)              scaled to size 4.80003pt on input line 101.
LaTeX Font Info:    Font shape `OT1/phv/b/n' will be
(Font)              scaled to size 6.18097pt on input line 101.
LaTeX Font Info:    Font shape `T1/mdbch/m/n' will be
(Font)              scaled to size 6.72005pt on input line 101.

Underfull \hbox (badness 2894) in paragraph at lines 101--101
[]\OT1/phv/b/n/16 Charlotte Hutchings$[]$, Char-lotte S. Dawson$[]$, Thomas Krueger$[]$,
 []

LaTeX Font Info:    Font shape `OT1/mdbch/m/n' will be
(Font)              scaled to size 8.64006pt on input line 101.
LaTeX Font Info:    Font shape `OT1/mdbch/m/n' will be
(Font)              scaled to size 5.76004pt on input line 101.
LaTeX Font Info:    Font shape `OML/mdbch/m/it' will be
(Font)              scaled to size 8.64006pt on input line 101.
LaTeX Font Info:    Font shape `OML/mdbch/m/it' will be
(Font)              scaled to size 5.76004pt on input line 101.
LaTeX Font Info:    Font shape `OMS/mdbch/m/n' will be
(Font)              scaled to size 8.64006pt on input line 101.
LaTeX Font Info:    Font shape `OMS/mdbch/m/n' will be
(Font)              scaled to size 5.76004pt on input line 101.
LaTeX Font Info:    Font shape `OMX/mdbch/m/n' will be
(Font)              scaled to size 8.64006pt on input line 101.
LaTeX Font Info:    Font shape `OMX/mdbch/m/n' will be
(Font)              scaled to size 5.76004pt on input line 101.
LaTeX Font Info:    Font shape `OML/mdbch/m/n' will be
(Font)              scaled to size 8.64006pt on input line 101.
LaTeX Font Info:    Font shape `OML/mdbch/m/n' will be
(Font)              scaled to size 5.76004pt on input line 101.
LaTeX Font Info:    Font shape `MDA/mdbch/m/n' will be
(Font)              scaled to size 8.64006pt on input line 101.
LaTeX Font Info:    Font shape `MDA/mdbch/m/n' will be
(Font)              scaled to size 5.76004pt on input line 101.
LaTeX Font Info:    Font shape `MDB/mdbch/m/n' will be
(Font)              scaled to size 8.64006pt on input line 101.
LaTeX Font Info:    Font shape `MDB/mdbch/m/n' will be
(Font)              scaled to size 5.76004pt on input line 101.
LaTeX Font Info:    Font shape `OT1/phv/m/n' will be
(Font)              scaled to size 7.94696pt on input line 103.
LaTeX Font Info:    Font shape `OT1/phv/b/n' will be
(Font)              scaled to size 7.94696pt on input line 103.
LaTeX Font Info:    Font shape `T1/mdbch/m/n' will be
(Font)              scaled to size 10.51207pt on input line 129.
LaTeX Font Info:    Font shape `OT1/phv/b/n' will be
(Font)              scaled to size 9.6688pt on input line 129.
*geometry* verbose mode - [ newgeometry ] result:
* driver: pdftex
* paper: a4paper
* layout: <same size as paper>
* layoutoffset:(h,v)=(0.0pt,0.0pt)
* modes: 
* h-part:(L,W,R)=(51.21504pt, 495.07779pt, 51.21504pt)
* v-part:(T,H,B)=(62.59596pt, 719.85492pt, 62.59596pt)
* \paperwidth=597.50787pt
* \paperheight=845.04684pt
* \textwidth=495.07779pt
* \textheight=719.85492pt
* \oddsidemargin=-21.05495pt
* \evensidemargin=-21.05495pt
* \topmargin=-46.67403pt
* \headheight=12.0pt
* \headsep=25.0pt
* \topskip=9.0pt
* \footskip=30.0pt
* \marginparwidth=65.0pt
* \marginparsep=10.0pt
* \columnsep=18.06749pt
* \skip\footins=8.0pt plus 4.0pt minus 2.0pt
* \hoffset=0.0pt
* \voffset=0.0pt
* \mag=1000
* \@twocolumnfalse
* \@twosidefalse
* \@mparswitchfalse
* \@reversemarginfalse
* (1in=72.27pt=25.4mm, 1cm=28.453pt)

LaTeX Font Info:    Font shape `T1/mdbch/m/fsc' will be
(Font)              scaled to size 8.64006pt on input line 135.
<F1000header.png, id=332, 180.675pt x 24.84282pt>
File: F1000header.png Graphic file (type png)
<use F1000header.png>
Package pdftex.def Info: F1000header.png  used on input line 135.
(pdftex.def)             Requested size: 87.27438pt x 12.0pt.
LaTeX Font Info:    Font shape `T1/mdbch/m/it' will be
(Font)              scaled to size 6.72005pt on input line 135.
[1

{/Users/lisa/Library/TinyTeX/texmf-var/fonts/map/pdftex/updmap/pdftex.map}{/Users/lisa/Library/TinyTeX/texmf-dist/fonts/enc/dvips/ly1/texnansi.enc}


{/Users/lisa/Library/TinyTeX/texmf-dist/fonts/enc/dvips/base/8r.enc} <./F1000header.png>]
*geometry* verbose mode - [ newgeometry ] result:
* driver: pdftex
* paper: a4paper
* layout: <same size as paper>
* layoutoffset:(h,v)=(0.0pt,0.0pt)
* modes: 
* h-part:(L,W,R)=(93.89418pt, 409.71951pt, 93.89418pt)
* v-part:(T,H,B)=(62.59596pt, 719.85492pt, 62.59596pt)
* \paperwidth=597.50787pt
* \paperheight=845.04684pt
* \textwidth=409.71951pt
* \textheight=719.85492pt
* \oddsidemargin=21.62419pt
* \evensidemargin=21.62419pt
* \topmargin=-46.67403pt
* \headheight=12.0pt
* \headsep=25.0pt
* \topskip=9.0pt
* \footskip=30.0pt
* \marginparwidth=65.0pt
* \marginparsep=10.0pt
* \columnsep=18.06749pt
* \skip\footins=8.0pt plus 4.0pt minus 2.0pt
* \hoffset=0.0pt
* \voffset=0.0pt
* \mag=1000
* \@twocolumnfalse
* \@twosidefalse
* \@mparswitchfalse
* \@reversemarginfalse
* (1in=72.27pt=25.4mm, 1cm=28.453pt)

LaTeX Font Info:    Font shape `T1/mdbch/b/n' will be
(Font)              scaled to size 8.64006pt on input line 138.
LaTeX Font Info:    Font shape `T1/cmtt/m/n' will be
(Font)              scaled to size 9.64806pt on input line 183.
LaTeX Font Info:    Font shape `T1/mdbch/m/n' will be
(Font)              scaled to size 9.60007pt on input line 199.
LaTeX Font Info:    Font shape `T1/cmtt/b/n' in size <9> not available
(Font)              Font shape `T1/cmtt/bx/n' tried instead on input line 218.
LaTeX Font Info:    Font shape `T1/cmtt/bx/n' in size <9> not available
(Font)              Font shape `T1/cmtt/m/n' tried instead on input line 218.
LaTeX Font Info:    Font shape `T1/cmtt/m/n' will be
(Font)              scaled to size 9.64806pt on input line 218.
[2


]
LaTeX Font Info:    Font shape `T1/mdbch/m/n' will be
(Font)              scaled to size 5.76004pt on input line 276.
<Images/experimental-method.png, id=387, 597.432pt x 845.0772pt>
File: Images/experimental-method.png Graphic file (type png)
<use Images/experimental-method.png>
Package pdftex.def Info: Images/experimental-method.png  used on input line 292.
(pdftex.def)             Requested size: 409.71951pt x 579.57071pt.

Overfull \hbox (16.14539pt too wide) in paragraph at lines 315--322
\T1/cmtt/m/n/9 zenodo . 11196770$[] \T1/mdbch/m/n/9 and at the Github repos-i-tory []$\T1/cmtt/m/n/9 https : / / github . com / CambridgeCentreForProteomics /
 []

[3] [4 <./Images/experimental-method.png>]
LaTeX Font Info:    Font shape `OT1/cmtt/bx/n' in size <10> not available
(Font)              Font shape `OT1/cmtt/m/n' tried instead on input line 323.
LaTeX Font Info:    Font shape `OT1/cmtt/m/n' will be
(Font)              scaled to size 10.72006pt on input line 323.
<Images/summarized-experiment.png, id=422, 531.1845pt x 453.3738pt>
File: Images/summarized-experiment.png Graphic file (type png)
<use Images/summarized-experiment.png>
Package pdftex.def Info: Images/summarized-experiment.png  used on input line 347.
(pdftex.def)             Requested size: 409.71951pt x 349.71458pt.
<Images/qfeatures.png, id=427, 506.766pt x 385.44pt>
File: Images/qfeatures.png Graphic file (type png)
<use Images/qfeatures.png>
Package pdftex.def Info: Images/qfeatures.png  used on input line 371.
(pdftex.def)             Requested size: 409.71951pt x 311.6342pt.
[5 <./Images/summarized-experiment.png>] [6 <./Images/qfeatures.png>]
LaTeX Font Info:    Font shape `T1/cmtt/b/it' in size <9> not available
(Font)              Font shape `T1/cmtt/bx/it' tried instead on input line 443.
LaTeX Font Info:    Font shape `T1/cmtt/bx/it' in size <9> not available
(Font)              Font shape `T1/cmtt/m/it' tried instead on input line 443.
LaTeX Font Info:    Font shape `T1/cmtt/m/it' will be
(Font)              scaled to size 9.64806pt on input line 443.
[7] [8] [9] [10] [11]
<workflow_expressions_files/figure-latex/tmt_mass_accuracy-1.pdf, id=483, 399.4925pt x 400.49625pt>
File: workflow_expressions_files/figure-latex/tmt_mass_accuracy-1.pdf Graphic file (type pdf)
<use workflow_expressions_files/figure-latex/tmt_mass_accuracy-1.pdf>
Package pdftex.def Info: workflow_expressions_files/figure-latex/tmt_mass_accuracy-1.pdf  used on input line 934.
(pdftex.def)             Requested size: 215.41794pt x 215.95866pt.
[12]
LaTeX Font Info:    Trying to load font information for TS1+mdbch on input line 937.
(/Users/lisa/Library/TinyTeX/texmf-dist/tex/latex/mathdesign/mdbch/ts1mdbch.fd
File: ts1mdbch.fd 2013/08/29 Fontinst v1.933 font definitions for TS1/mdbch.
)
LaTeX Font Info:    Font shape `TS1/mdbch/m/n' will be
(Font)              scaled to size 8.64006pt on input line 937.
<workflow_expressions_files/figure-latex/tmt_ion_injection_1-1.pdf, id=490, 399.4925pt x 400.49625pt>
File: workflow_expressions_files/figure-latex/tmt_ion_injection_1-1.pdf Graphic file (type pdf)
<use workflow_expressions_files/figure-latex/tmt_ion_injection_1-1.pdf>
Package pdftex.def Info: workflow_expressions_files/figure-latex/tmt_ion_injection_1-1.pdf  used on input line 968.
(pdftex.def)             Requested size: 215.41794pt x 215.95866pt.
[13 <./workflow_expressions_files/figure-latex/tmt_mass_accuracy-1.pdf> <./workflow_expressions_files/figure-latex/tmt_ion_injection_1-1.pdf>]
<workflow_expressions_files/figure-latex/tmt_ion_injection_2-1.pdf, id=512, 399.4925pt x 400.49625pt>
File: workflow_expressions_files/figure-latex/tmt_ion_injection_2-1.pdf Graphic file (type pdf)
<use workflow_expressions_files/figure-latex/tmt_ion_injection_2-1.pdf>
Package pdftex.def Info: workflow_expressions_files/figure-latex/tmt_ion_injection_2-1.pdf  used on input line 992.
(pdftex.def)             Requested size: 215.41794pt x 215.95866pt.
<workflow_expressions_files/figure-latex/tmt_RT-1.pdf, id=513, 405.515pt x 400.49625pt>
File: workflow_expressions_files/figure-latex/tmt_RT-1.pdf Graphic file (type pdf)
<use workflow_expressions_files/figure-latex/tmt_RT-1.pdf>
Package pdftex.def Info: workflow_expressions_files/figure-latex/tmt_RT-1.pdf  used on input line 1009.
(pdftex.def)             Requested size: 218.66544pt x 215.95866pt.
[14 <./workflow_expressions_files/figure-latex/tmt_ion_injection_2-1.pdf>] [15 <./workflow_expressions_files/figure-latex/tmt_RT-1.pdf>] [16] [17] [18]
Overfull \hbox (186.08261pt too wide) in paragraph at lines 1353--1364
\T1/mdbch/m/n/9 specif-i-cally can be found at []$\T1/cmtt/m/it/9 https : / / github . com / HaoGroup-[]ProtContLib / Protein-[]Contaminant-[]Libraries-[]for-[]DDA-[]and-[]DIA-[]Proteomics /
 []


Overfull \hbox (35.32307pt too wide) in paragraph at lines 1353--1364
\T1/cmtt/m/it/9 tree / main / Universal % 20protein % 20contaminant % 20FASTA$[]\T1/mdbch/m/n/9 . Here, we im-port this file us-ing the \T1/cmtt/m/it/9 fasta.index
 []

[19] [20] [21] [22] [23] [24]
Overfull \hbox (218.21402pt too wide) in paragraph at lines 1874--1874
[]\T1/cmtt/m/it/9 ## No filter applied to the following assay(s) because one or more filtering variables are missing in the rowData: psms_raw.[] 
 []


Overfull \hbox (132.12636pt too wide) in paragraph at lines 1874--1874
[]\T1/cmtt/m/it/9 ## You can control whether to remove or keep the features using the 'keep' argument (see '?filterFeature').[] 
 []

[25]
<workflow_expressions_files/figure-latex/tmt_sn_ratio_2-1.pdf, id=605, 399.4925pt x 400.49625pt>
File: workflow_expressions_files/figure-latex/tmt_sn_ratio_2-1.pdf Graphic file (type pdf)
<use workflow_expressions_files/figure-latex/tmt_sn_ratio_2-1.pdf>
Package pdftex.def Info: workflow_expressions_files/figure-latex/tmt_sn_ratio_2-1.pdf  used on input line 2008.
(pdftex.def)             Requested size: 215.41794pt x 215.95866pt.
[26] [27 <./workflow_expressions_files/figure-latex/tmt_sn_ratio_2-1.pdf>]
<workflow_expressions_files/figure-latex/tmt_coisolation_2-1.pdf, id=623, 399.4925pt x 400.49625pt>
File: workflow_expressions_files/figure-latex/tmt_coisolation_2-1.pdf Graphic file (type pdf)
<use workflow_expressions_files/figure-latex/tmt_coisolation_2-1.pdf>
Package pdftex.def Info: workflow_expressions_files/figure-latex/tmt_coisolation_2-1.pdf  used on input line 2100.
(pdftex.def)             Requested size: 215.41794pt x 215.95866pt.
[28 <./workflow_expressions_files/figure-latex/tmt_coisolation_2-1.pdf>]
<workflow_expressions_files/figure-latex/tmt_sps_matches_2-1.pdf, id=637, 399.4925pt x 400.49625pt>
File: workflow_expressions_files/figure-latex/tmt_sps_matches_2-1.pdf Graphic file (type pdf)
<use workflow_expressions_files/figure-latex/tmt_sps_matches_2-1.pdf>
Package pdftex.def Info: workflow_expressions_files/figure-latex/tmt_sps_matches_2-1.pdf  used on input line 2190.
(pdftex.def)             Requested size: 215.41794pt x 215.95866pt.
[29 <./workflow_expressions_files/figure-latex/tmt_sps_matches_2-1.pdf>] [30] [31]
<workflow_expressions_files/figure-latex/tmt_missing_data_2-1.pdf, id=666, 393.47pt x 399.4925pt>
File: workflow_expressions_files/figure-latex/tmt_missing_data_2-1.pdf Graphic file (type pdf)
<use workflow_expressions_files/figure-latex/tmt_missing_data_2-1.pdf>
Package pdftex.def Info: workflow_expressions_files/figure-latex/tmt_missing_data_2-1.pdf  used on input line 2414.
(pdftex.def)             Requested size: 283.61037pt x 287.93756pt.
[32] [33 <./workflow_expressions_files/figure-latex/tmt_missing_data_2-1.pdf>] [34] [35]
Overfull \hbox (44.65164pt too wide) in paragraph at lines 2692--2696
[]\T1/mdbch/m/n/9 We are now left with a \T1/cmtt/m/it/9 QFeatures \T1/mdbch/m/n/9 ob-ject hold-ing the PSM and peptide-level data in their own \T1/cmtt/m/it/9 SummarizedExperiment\T1/mdbch/m/n/9 s.
 []

[36] [37]
<workflow_expressions_files/figure-latex/tmt_normalisation_2-1.pdf, id=722, 383.4325pt x 389.455pt>
File: workflow_expressions_files/figure-latex/tmt_normalisation_2-1.pdf Graphic file (type pdf)
<use workflow_expressions_files/figure-latex/tmt_normalisation_2-1.pdf>
Package pdftex.def Info: workflow_expressions_files/figure-latex/tmt_normalisation_2-1.pdf  used on input line 2868.
(pdftex.def)             Requested size: 283.49573pt x 287.93756pt.
[38]
<workflow_expressions_files/figure-latex/tmt_transformations-1.pdf, id=728, 396.48125pt x 384.43625pt>
File: workflow_expressions_files/figure-latex/tmt_transformations-1.pdf Graphic file (type pdf)
<use workflow_expressions_files/figure-latex/tmt_transformations-1.pdf>
Package pdftex.def Info: workflow_expressions_files/figure-latex/tmt_transformations-1.pdf  used on input line 2896.
(pdftex.def)             Requested size: 368.74506pt x 357.55135pt.
[39 <./workflow_expressions_files/figure-latex/tmt_normalisation_2-1.pdf>] [40 <./workflow_expressions_files/figure-latex/tmt_transformations-1.pdf>]
<workflow_expressions_files/figure-latex/qfeatures_links_plots-1.pdf, id=755, 393.47pt x 400.49625pt>
File: workflow_expressions_files/figure-latex/qfeatures_links_plots-1.pdf Graphic file (type pdf)
<use workflow_expressions_files/figure-latex/qfeatures_links_plots-1.pdf>
Package pdftex.def Info: workflow_expressions_files/figure-latex/qfeatures_links_plots-1.pdf  used on input line 3007.
(pdftex.def)             Requested size: 327.77686pt x 333.6279pt.
[41]
<workflow_expressions_files/figure-latex/support_plots-1.pdf, id=761, 399.4925pt x 399.4925pt>
File: workflow_expressions_files/figure-latex/support_plots-1.pdf Graphic file (type pdf)
<use workflow_expressions_files/figure-latex/support_plots-1.pdf>
Package pdftex.def Info: workflow_expressions_files/figure-latex/support_plots-1.pdf  used on input line 3042.
(pdftex.def)             Requested size: 409.71951pt x 409.73848pt.
[42 <./workflow_expressions_files/figure-latex/qfeatures_links_plots-1.pdf>] [43 <./workflow_expressions_files/figure-latex/support_plots-1.pdf>] [44] [45] [46] [47] [48]
<workflow_expressions_files/figure-latex/lfq_mass_accuracy-1.pdf, id=812, 399.4925pt x 399.4925pt>
File: workflow_expressions_files/figure-latex/lfq_mass_accuracy-1.pdf Graphic file (type pdf)
<use workflow_expressions_files/figure-latex/lfq_mass_accuracy-1.pdf>
Package pdftex.def Info: workflow_expressions_files/figure-latex/lfq_mass_accuracy-1.pdf  used on input line 3498.
(pdftex.def)             Requested size: 215.96046pt x 215.95866pt.
<workflow_expressions_files/figure-latex/lfq_RT-1.pdf, id=813, 399.4925pt x 399.4925pt>
File: workflow_expressions_files/figure-latex/lfq_RT-1.pdf Graphic file (type pdf)
<use workflow_expressions_files/figure-latex/lfq_RT-1.pdf>
Package pdftex.def Info: workflow_expressions_files/figure-latex/lfq_RT-1.pdf  used on input line 3515.
(pdftex.def)             Requested size: 215.96046pt x 215.95866pt.
[49 <./workflow_expressions_files/figure-latex/lfq_mass_accuracy-1.pdf> <./workflow_expressions_files/figure-latex/lfq_RT-1.pdf>] [50]
Overfull \hbox (238.46994pt too wide) in paragraph at lines 3676--3676
[]\T1/cmtt/m/it/9 ## No filter applied to the following assay(s) because one or more filtering variables are missing in the rowData: peptides_raw.[] 
 []


Overfull \hbox (132.12636pt too wide) in paragraph at lines 3676--3676
[]\T1/cmtt/m/it/9 ## You can control whether to remove or keep the features using the 'keep' argument (see '?filterFeature').[] 
 []

[51] [52] [53]
<workflow_expressions_files/figure-latex/lfq_missing_data_2-1.pdf, id=861, 393.47pt x 399.4925pt>
File: workflow_expressions_files/figure-latex/lfq_missing_data_2-1.pdf Graphic file (type pdf)
<use workflow_expressions_files/figure-latex/lfq_missing_data_2-1.pdf>
Package pdftex.def Info: workflow_expressions_files/figure-latex/lfq_missing_data_2-1.pdf  used on input line 3845.
(pdftex.def)             Requested size: 283.61037pt x 287.93756pt.
[54 <./workflow_expressions_files/figure-latex/lfq_missing_data_2-1.pdf>]
<workflow_expressions_files/figure-latex/lfq_imputation_4-1.pdf, id=881, 376.40625pt x 369.38pt>
File: workflow_expressions_files/figure-latex/lfq_imputation_4-1.pdf Graphic file (type pdf)
<use workflow_expressions_files/figure-latex/lfq_imputation_4-1.pdf>
Package pdftex.def Info: workflow_expressions_files/figure-latex/lfq_imputation_4-1.pdf  used on input line 3973.
(pdftex.def)             Requested size: 327.77686pt x 321.67926pt.
[55] [56 <./workflow_expressions_files/figure-latex/lfq_imputation_4-1.pdf>]
Overfull \hbox (24.289pt too wide) in paragraph at lines 4066--4068
[]\T1/mdbch/m/n/9 Now that we are happy with the peptide-level data, we ag-gre-gate up-ward to pro-teins us-ing the \T1/cmtt/m/it/9 aggregateFeatures
 []

[57]
Overfull \hbox (1.53322pt too wide) in paragraph at lines 4132--4135
[]\T1/mdbch/m/n/9 The fi-nal dataset is com-prised of 2760 pro-tein groups. We will save the protein-level \T1/cmtt/m/it/9 SummarizedExperiment
 []

[58]
LaTeX Font Info:    Trying to load font information for TS1+cmtt on input line 4196.
(/Users/lisa/Library/TinyTeX/texmf-dist/tex/latex/base/ts1cmtt.fd
File: ts1cmtt.fd 2023/04/13 v2.5m Standard LaTeX font definitions
)
<workflow_expressions_files/figure-latex/correlation_plot_2-1.pdf, id=914, 397.485pt x 388.45125pt>
File: workflow_expressions_files/figure-latex/correlation_plot_2-1.pdf Graphic file (type pdf)
<use workflow_expressions_files/figure-latex/correlation_plot_2-1.pdf>
Package pdftex.def Info: workflow_expressions_files/figure-latex/correlation_plot_2-1.pdf  used on input line 4216.
(pdftex.def)             Requested size: 220.98282pt x 215.95866pt.
<workflow_expressions_files/figure-latex/correlation_plot_3-1.pdf, id=915, 392.46625pt x 354.32375pt>
File: workflow_expressions_files/figure-latex/correlation_plot_3-1.pdf Graphic file (type pdf)
<use workflow_expressions_files/figure-latex/correlation_plot_3-1.pdf>
Package pdftex.def Info: workflow_expressions_files/figure-latex/correlation_plot_3-1.pdf  used on input line 4239.
(pdftex.def)             Requested size: 239.21242pt x 215.95866pt.
[59 <./workflow_expressions_files/figure-latex/correlation_plot_2-1.pdf>]

LaTeX Font Warning: Font shape `TS1/cmtt/b/it' undefined
(Font)              using `TS1/cmtt/m/n' instead
(Font)              for symbol `textquotesingle' on input line 4301.

[60 <./workflow_expressions_files/figure-latex/correlation_plot_3-1.pdf>]
<workflow_expressions_files/figure-latex/protein_pca_plot-1.pdf, id=950, 393.47pt x 328.22626pt>
File: workflow_expressions_files/figure-latex/protein_pca_plot-1.pdf Graphic file (type pdf)
<use workflow_expressions_files/figure-latex/protein_pca_plot-1.pdf>
Package pdftex.def Info: workflow_expressions_files/figure-latex/protein_pca_plot-1.pdf  used on input line 4325.
(pdftex.def)             Requested size: 345.17397pt x 287.93756pt.
[61 <./workflow_expressions_files/figure-latex/protein_pca_plot-1.pdf>] [62]
<workflow_expressions_files/figure-latex/plotSA-1.pdf, id=993, 376.40625pt x 335.2525pt>
File: workflow_expressions_files/figure-latex/plotSA-1.pdf Graphic file (type pdf)
<use workflow_expressions_files/figure-latex/plotSA-1.pdf>
Package pdftex.def Info: workflow_expressions_files/figure-latex/plotSA-1.pdf  used on input line 4495.
(pdftex.def)             Requested size: 242.46713pt x 215.95866pt.
[63 <./workflow_expressions_files/figure-latex/plotSA-1.pdf>]
<workflow_expressions_files/figure-latex/pvalue_histogram-1.pdf, id=1007, 399.4925pt x 397.485pt>
File: workflow_expressions_files/figure-latex/pvalue_histogram-1.pdf Graphic file (type pdf)
<use workflow_expressions_files/figure-latex/pvalue_histogram-1.pdf>
Package pdftex.def Info: workflow_expressions_files/figure-latex/pvalue_histogram-1.pdf  used on input line 4519.
(pdftex.def)             Requested size: 217.0516pt x 215.95866pt.
[64 <./workflow_expressions_files/figure-latex/pvalue_histogram-1.pdf>]
Overfull \hbox (0.46288pt too wide) in paragraph at lines 4604--4604
[]\T1/cmtt/m/it/9 ##  $ P.Value     : num [1:3230] 6.35e-10 3.63e-09 6.36e-09 8.58e-09 8.64e-09 ...[] 
 []


Overfull \hbox (0.46288pt too wide) in paragraph at lines 4604--4604
[]\T1/cmtt/m/it/9 ##  $ adj.P.Val   : num [1:3230] 2.05e-06 5.58e-06 5.58e-06 5.58e-06 5.58e-06 ...[] 
 []

[65]
<workflow_expressions_files/figure-latex/volcano_plot-1.pdf, id=1029, 388.45125pt x 400.49625pt>
File: workflow_expressions_files/figure-latex/volcano_plot-1.pdf Graphic file (type pdf)
<use workflow_expressions_files/figure-latex/volcano_plot-1.pdf>
Package pdftex.def Info: workflow_expressions_files/figure-latex/volcano_plot-1.pdf  used on input line 4690.
(pdftex.def)             Requested size: 279.29347pt x 287.93756pt.
[66 <./workflow_expressions_files/figure-latex/volcano_plot-1.pdf>]
<workflow_expressions_files/figure-latex/MA_plot-1.pdf, id=1042, 388.45125pt x 400.49625pt>
File: workflow_expressions_files/figure-latex/MA_plot-1.pdf Graphic file (type pdf)
<use workflow_expressions_files/figure-latex/MA_plot-1.pdf>
Package pdftex.def Info: workflow_expressions_files/figure-latex/MA_plot-1.pdf  used on input line 4719.
(pdftex.def)             Requested size: 279.29347pt x 287.93756pt.
[67 <./workflow_expressions_files/figure-latex/MA_plot-1.pdf>]
Overfull \hbox (71.3586pt too wide) in paragraph at lines 4824--4824
[]\T1/cmtt/m/it/9 ## #...@gene     chr [1:313] "Q01581" "P15104" "Q9UK41" "P37268" "P04183" "Q9UHI8" "Q13907" ...[] 
 []


Overfull \hbox (25.78278pt too wide) in paragraph at lines 4824--4824
[]\T1/cmtt/m/it/9 ##  $ Description: chr  "mitochondrial intermembrane space" "organelle envelope lumen"[] 
 []


Overfull \hbox (537.24477pt too wide) in paragraph at lines 4824--4824
[]\T1/cmtt/m/it/9 ##  $ geneID     : chr  "CHCHD2/TIMM9/AK2/TIMM8B/COA4/COA6/MIX23/TIMM8A/DIABLO/TIMM13/TIMM10/TRIAP1/CYCS" "CHCHD2/TIMM9/AK2/TIMM8B/COA4/COA6/MIX23/TIMM8A/DIABLO/TIMM13/TIMM10/TRIAP1/CYCS"[] 
 []


Overfull \hbox (116.93442pt too wide) in paragraph at lines 4824--4824
[]\T1/cmtt/m/it/9 ##  T Wu, E Hu, S Xu, M Chen, P Guo, Z Dai, T Feng, L Zhou, W Tang, L Zhan, X Fu, S Liu, X Bo, and G Yu.[] 
 []


Overfull \hbox (0.46288pt too wide) in paragraph at lines 4824--4824
[]\T1/cmtt/m/it/9 ##  clusterProfiler 4.0: A universal enrichment tool for interpreting omics data.[] 
 []

[68]
Overfull \hbox (71.3586pt too wide) in paragraph at lines 4873--4873
[]\T1/cmtt/m/it/9 ## #...@gene     chr [1:381] "Q53EL6" "P08243" "P35716" "Q92878" "P26583" "Q92522" "O43657" ...[] 
 []


Overfull \hbox (258.72586pt too wide) in paragraph at lines 4873--4873
[]\T1/cmtt/m/it/9 ##  $ Description: chr  "DNA recombination" "recombinational repair" "double-strand break repair" "amino acid metabolic process" ...[] 
 []


Overfull \hbox (2340.02168pt too wide) in paragraph at lines 4873--4873
[]\T1/cmtt/m/it/9 ##  $ geneID     : chr  "RAD50/HMGB2/H1-10/RADX/MRE11/H1-0/H1-2/ZMYND8/MCM5/HMGB3/NUCKS1/RAD21/PRKDC/SFPQ/MCM4/XRCC6/HTATSF1/H1-3/MCM7/T"| __truncated__ "RADX/MRE11/ZMYND8/MCM5/NUCKS1/RAD21/SFPQ/MCM4/XRCC6/HTATSF1/MCM7/XRCC5/PPP4R2/POGZ/YY1/MCM3/MCM2/VPS72/PARP1/BR"| __truncated__ "RAD50/HMGB2/RADX/MRE11/DEK/ZMYND8/MCM5/NUCKS1/RAD21/PRKDC/TP53/SMARCC2/SFPQ/MCM4/XRCC6/HPF1/HTATSF1/MCM7/XRCC5/"| __truncated__ "ASNS/PHGDH/SDSL/SARS1/YARS1/AARS2/HMGCL/GARS1/IARS2/AARS1/HIBADH/PYCR1/ACADSB/DHFR/MCCC2/SLC25A12/MARS1/PSAT1/S"| __truncated__ ...[] 
 []


Overfull \hbox (116.93442pt too wide) in paragraph at lines 4873--4873
[]\T1/cmtt/m/it/9 ##  T Wu, E Hu, S Xu, M Chen, P Guo, Z Dai, T Feng, L Zhou, W Tang, L Zhan, X Fu, S Liu, X Bo, and G Yu.[] 
 []


Overfull \hbox (0.46288pt too wide) in paragraph at lines 4873--4873
[]\T1/cmtt/m/it/9 ##  clusterProfiler 4.0: A universal enrichment tool for interpreting omics data.[] 
 []

<workflow_expressions_files/figure-latex/GO_enrichment_plot-1.pdf, id=1080, 393.47pt x 380.42125pt>
File: workflow_expressions_files/figure-latex/GO_enrichment_plot-1.pdf Graphic file (type pdf)
<use workflow_expressions_files/figure-latex/GO_enrichment_plot-1.pdf>
Package pdftex.def Info: workflow_expressions_files/figure-latex/GO_enrichment_plot-1.pdf  used on input line 4894.
(pdftex.def)             Requested size: 297.8215pt x 287.93756pt.
[69] [70 <./workflow_expressions_files/figure-latex/GO_enrichment_plot-1.pdf>]
Overfull \hbox (19.06425pt too wide) in paragraph at lines 4957--4962
[]\T1/mdbch/m/n/9 The work-flows pro-vided in-volve use of func-tions from many dif-fer-ent R/Bioconductor pack-ages. The \T1/cmtt/m/it/9 sessionInfo
 []


Overfull \hbox (56.16666pt too wide) in paragraph at lines 5042--5042
[]\T1/cmtt/m/it/9 ## BLAS:   /Library/Frameworks/R.framework/Versions/4.4-arm64/Resources/lib/libRblas.0.dylib[] 
 []


Overfull \hbox (177.70218pt too wide) in paragraph at lines 5042--5042
[]\T1/cmtt/m/it/9 ## LAPACK: /Library/Frameworks/R.framework/Versions/4.4-arm64/Resources/lib/libRlapack.dylib;  LAPACK version 3.12.0[] 
 []

[71]
Overfull \hbox (5.52686pt too wide) in paragraph at lines 5042--5042
[]\T1/cmtt/m/it/9 ## [103] blob_1.2.4               DOSE_3.30.0              AnnotationFilter_1.28.0[] 
 []


Overfull \hbox (6.59296pt too wide) in paragraph at lines 5064--5069
\T1/cmtt/m/it/9 zenodo . 11196770$[]\T1/mdbch/m/n/9 , and at GitHub repos-i-tory []$\T1/cmtt/m/it/9 https : / / github . com / CambridgeCentreForProteomics /
 []

[72]
LaTeX Font Info:    Font shape `T1/mdbch/m/n' will be
(Font)              scaled to size 7.68005pt on input line 5179.
(./workflow_expressions.bbl [73]
LaTeX Font Info:    Font shape `T1/mdbch/m/it' will be
(Font)              scaled to size 7.68005pt on input line 11.
LaTeX Font Info:    Font shape `T1/cmtt/m/n' will be
(Font)              scaled to size 8.57605pt on input line 13.
[74]
Underfull \hbox (badness 1320) in paragraph at lines 218--223
[]\T1/mdbch/m/n/8 Behrooz Dar-bani and Charles Neal Stew-art.  Re-pro-ducibil-ity and re-li-a-bil-ity as-says of the gene expression-
 []

[75]
Underfull \hbox (badness 1221) in paragraph at lines 281--284
[]\T1/mdbch/m/n/8 David Robin-son.  \T1/mdbch/m/it/8 How to in-ter-pret a p-value his-togram\T1/mdbch/m/n/8 , 2014.  URL []$\T1/cmtt/m/n/8 http : / / varianceexplained . org /
 []

) [76] 
enddocument/afterlastpage: lastpage setting LastPage.
(./workflow_expressions.aux)
 ***********
LaTeX2e <2023-11-01>
L3 programming layer <2024-01-04>
 ***********

LaTeX Font Warning: Some font shapes were not available, defaults substituted.

Package rerunfilecheck Info: File `workflow_expressions.out' has not changed.
(rerunfilecheck)             Checksum: 687E69787343E13CC3B4FB5A832799C5;19443.
 ) 
Here is how much of TeX's memory you used:
 27294 strings out of 476132
 513598 string characters out of 5794392
 1952525 words of memory out of 5000000
 48612 multiletter control sequences out of 15000+600000
 625951 words of font info for 142 fonts, out of 8000000 for 9000
 14 hyphenation exceptions out of 8191
 114i,15n,131p,579b,703s stack positions out of 10000i,1000n,20000p,200000b,200000s
 </Users/lisa/Library/TinyTeX/texmf-var/fonts/pk/ljfour/jknappen/ec/ectt0800.643pk> </Users/lisa/Library/TinyTeX/texmf-var/fonts/pk/ljfour/jknappen/ec/tctt0900.600pk> </Users/lisa/Library/TinyTeX/texmf-var/fonts/pk/ljfour/jknappen/ec/ectt0900.643pk></Users/lisa/Library/TinyTeX/texmf-dist/fonts/type1/bitstrea/charter/bchb8a.pfb></Users/lisa/Library/TinyTeX/texmf-dist/fonts/type1/bitstrea/charter/bchr8a.pfb></Users/lisa/Library/TinyTeX/texmf-dist/fonts/type1/bitstrea/charter/bchri8a.pfb></Users/lisa/Library/TinyTeX/texmf-dist/fonts/type1/public/amsfonts/cm/cmtt10.pfb></Users/lisa/Library/TinyTeX/texmf-dist/fonts/type1/public/mathdesign/mdbch/md-chb8t.pfb></Users/lisa/Library/TinyTeX/texmf-dist/fonts/type1/public/mathdesign/mdbch/md-chr8c.pfb></Users/lisa/Library/TinyTeX/texmf-dist/fonts/type1/public/mathdesign/mdbch/md-chr8t.pfb></Users/lisa/Library/TinyTeX/texmf-dist/fonts/type1/urw/helvetic/uhvb8a.pfb></Users/lisa/Library/TinyTeX/texmf-dist/fonts/type1/urw/helvetic/uhvr8a.pfb>
Output written on workflow_expressions.pdf (76 pages, 4687047 bytes).
PDF statistics:
 1466 PDF objects out of 1728 (max. 8388607)
 1136 compressed objects within 12 object streams
 226 named destinations out of 1000 (max. 500000)
 801 words of extra memory for PDF output out of 10000 (max. 10000000)

